0 info it worked if it ends with ok
1 verbose cli [ 'C:\\Program Files\\nodejs\\node.exe',
1 verbose cli   'C:\\Program Files\\nodejs\\node_modules\\npm\\bin\\npm-cli.js',
1 verbose cli   'run',
1 verbose cli   'package-win' ]
2 info using npm@3.10.10
3 info using node@v6.11.2
4 verbose run-script [ 'prepackage-win', 'package-win', 'postpackage-win' ]
5 info lifecycle shopping-list@1.0.0~prepackage-win: shopping-list@1.0.0
6 silly lifecycle shopping-list@1.0.0~prepackage-win: no script for prepackage-win, continuing
7 info lifecycle shopping-list@1.0.0~package-win: shopping-list@1.0.0
8 verbose lifecycle shopping-list@1.0.0~package-win: unsafe-perm in lifecycle true
9 verbose lifecycle shopping-list@1.0.0~package-win: PATH: C:\Program Files\nodejs\node_modules\npm\bin\node-gyp-bin;C:\react\Electron\Shopping\node_modules\.bin;C:\Program Files (x86)\Intel\iCLS Client\;C:\Program Files\Intel\iCLS Client\;C:\WINDOWS\system32;C:\WINDOWS;C:\WINDOWS\System32\Wbem;C:\WINDOWS\System32\WindowsPowerShell\v1.0\;C:\Program Files (x86)\Intel\Intel(R) Management Engine Components\DAL;C:\Program Files\Intel\Intel(R) Management Engine Components\DAL;C:\Program Files (x86)\Intel\Intel(R) Management Engine Components\IPT;C:\Program Files\Intel\Intel(R) Management Engine Components\IPT;C:\Program Files\Git\cmd;C:\Program Files\nodejs\;C:\Program Files (x86)\sbt\bin;C:\Program Files\Intel\WiFi\bin\;C:\Program Files\Common Files\Intel\WirelessCommon\;C:\Program Files\Java\jdk1.8.0_144\bin;C:\Users\LoanFrame\AppData\Local\Microsoft\WindowsApps;C:\Users\LoanFrame\AppData\Roaming\npm;C:\Users\LoanFrame\AppData\Local\atom\bin;%USERPROFILE%\AppData\Local\Microsoft\WindowsApps;
10 verbose lifecycle shopping-list@1.0.0~package-win: CWD: C:\react\Electron\Shopping
11 silly lifecycle shopping-list@1.0.0~package-win: Args: [ '/d /s /c',
11 silly lifecycle   'electron-packager . electron-tutorial-app --overwrite --asar=true --platform=win32 --arch=ia32 --icon=assets/icons/win/icon.ico --prune=true --out=release-builds --version-string.CompanyName=CE --version-string.FileDescription=CE --version-string.ProductName="Shopping List"' ]
12 silly lifecycle shopping-list@1.0.0~package-win: Returned: code: 1  signal: null
13 info lifecycle shopping-list@1.0.0~package-win: Failed to exec package-win script
14 verbose stack Error: shopping-list@1.0.0 package-win: `electron-packager . electron-tutorial-app --overwrite --asar=true --platform=win32 --arch=ia32 --icon=assets/icons/win/icon.ico --prune=true --out=release-builds --version-string.CompanyName=CE --version-string.FileDescription=CE --version-string.ProductName="Shopping List"`
14 verbose stack Exit status 1
14 verbose stack     at EventEmitter.<anonymous> (C:\Program Files\nodejs\node_modules\npm\lib\utils\lifecycle.js:255:16)
14 verbose stack     at emitTwo (events.js:106:13)
14 verbose stack     at EventEmitter.emit (events.js:191:7)
14 verbose stack     at ChildProcess.<anonymous> (C:\Program Files\nodejs\node_modules\npm\lib\utils\spawn.js:40:14)
14 verbose stack     at emitTwo (events.js:106:13)
14 verbose stack     at ChildProcess.emit (events.js:191:7)
14 verbose stack     at maybeClose (internal/child_process.js:891:16)
14 verbose stack     at Process.ChildProcess._handle.onexit (internal/child_process.js:226:5)
15 verbose pkgid shopping-list@1.0.0
16 verbose cwd C:\react\Electron\Shopping
17 error Windows_NT 10.0.16299
18 error argv "C:\\Program Files\\nodejs\\node.exe" "C:\\Program Files\\nodejs\\node_modules\\npm\\bin\\npm-cli.js" "run" "package-win"
19 error node v6.11.2
20 error npm  v3.10.10
21 error code ELIFECYCLE
22 error shopping-list@1.0.0 package-win: `electron-packager . electron-tutorial-app --overwrite --asar=true --platform=win32 --arch=ia32 --icon=assets/icons/win/icon.ico --prune=true --out=release-builds --version-string.CompanyName=CE --version-string.FileDescription=CE --version-string.ProductName="Shopping List"`
22 error Exit status 1
23 error Failed at the shopping-list@1.0.0 package-win script 'electron-packager . electron-tutorial-app --overwrite --asar=true --platform=win32 --arch=ia32 --icon=assets/icons/win/icon.ico --prune=true --out=release-builds --version-string.CompanyName=CE --version-string.FileDescription=CE --version-string.ProductName="Shopping List"'.
23 error Make sure you have the latest version of node.js and npm installed.
23 error If you do, this is most likely a problem with the shopping-list package,
23 error not with npm itself.
23 error Tell the author that this fails on your system:
23 error     electron-packager . electron-tutorial-app --overwrite --asar=true --platform=win32 --arch=ia32 --icon=assets/icons/win/icon.ico --prune=true --out=release-builds --version-string.CompanyName=CE --version-string.FileDescription=CE --version-string.ProductName="Shopping List"
23 error You can get information on how to open an issue for this project with:
23 error     npm bugs shopping-list
23 error Or if that isn't available, you can get their info via:
23 error     npm owner ls shopping-list
23 error There is likely additional logging output above.
24 verbose exit [ 1, true ]
